{
  "RSpec": {
    "coverage": {
      "/Users/ktwotwo/Project/portfolio-code-review/spec/features/repos_spec.rb": [
        1,
        null,
        1,
        1,
        1,
        1,
        null,
        null
      ],
      "/Users/ktwotwo/Project/portfolio-code-review/spec/rails_helper.rb": [
        1,
        1,
        1,
        1,
        1,
        1,
        null,
        null,
        1,
        null,
        1,
        1,
        null,
        1,
        null,
        1,
        null,
        1,
        null,
        null,
        1,
        1,
        1,
        1,
        null
      ],
      "/Users/ktwotwo/Project/portfolio-code-review/config/environment.rb": [
        null,
        1,
        null,
        null,
        1
      ],
      "/Users/ktwotwo/Project/portfolio-code-review/config/application.rb": [
        1,
        null,
        1,
        null,
        1,
        1,
        1,
        1,
        1,
        1,
        1,
        1,
        null,
        null,
        null,
        null,
        1,
        null,
        1,
        1,
        null,
        null,
        null,
        null,
        null
      ],
      "/Users/ktwotwo/Project/portfolio-code-review/config/boot.rb": [
        1,
        null,
        1
      ],
      "/Users/ktwotwo/Project/portfolio-code-review/config/spring.rb": [
        null,
        null,
        null,
        null,
        null,
        5
      ],
      "/Users/ktwotwo/Project/portfolio-code-review/config/environments/test.rb": [
        1,
        null,
        null,
        null,
        null,
        null,
        null,
        1,
        null,
        null,
        null,
        null,
        1,
        null,
        null,
        1,
        1,
        null,
        null,
        null,
        null,
        1,
        1,
        null,
        null,
        1,
        null,
        null,
        1,
        1,
        null,
        null,
        null,
        null,
        1,
        null,
        null,
        1,
        null,
        null,
        null,
        null
      ],
      "/Users/ktwotwo/Project/portfolio-code-review/config/initializers/application_controller_renderer.rb": [
        null,
        null,
        null,
        null,
        null,
        null
      ],
      "/Users/ktwotwo/Project/portfolio-code-review/config/initializers/assets.rb": [
        null,
        null,
        null,
        1,
        null,
        null,
        null,
        null,
        null,
        null,
        null
      ],
      "/Users/ktwotwo/Project/portfolio-code-review/config/initializers/backtrace_silencers.rb": [
        null,
        null,
        null,
        null,
        null,
        null,
        null
      ],
      "/Users/ktwotwo/Project/portfolio-code-review/config/initializers/cookies_serializer.rb": [
        null,
        null,
        null,
        null,
        1
      ],
      "/Users/ktwotwo/Project/portfolio-code-review/config/initializers/devise.rb": [
        null,
        null,
        1,
        null,
        null,
        null,
        null,
        null,
        null,
        null,
        null,
        null,
        null,
        null,
        1,
        null,
        null,
        null,
        null,
        null,
        null,
        null,
        null,
        null,
        null,
        null,
        1,
        null,
        null,
        null,
        null,
        null,
        null,
        null,
        null,
        null,
        null,
        null,
        null,
        null,
        null,
        null,
        null,
        null,
        null,
        null,
        null,
        null,
        1,
        null,
        null,
        null,
        null,
        1,
        null,
        null,
        null,
        null,
        null,
        null,
        null,
        null,
        null,
        null,
        null,
        null,
        null,
        null,
        null,
        null,
        null,
        null,
        null,
        null,
        null,
        null,
        null,
        null,
        null,
        null,
        null,
        null,
        null,
        null,
        1,
        null,
        null,
        null,
        null,
        null,
        null,
        null,
        null,
        null,
        null,
        null,
        null,
        null,
        null,
        null,
        null,
        null,
        null,
        null,
        null,
        null,
        null,
        1,
        null,
        null,
        null,
        null,
        null,
        null,
        null,
        null,
        null,
        null,
        null,
        null,
        null,
        null,
        null,
        null,
        null,
        null,
        null,
        null,
        null,
        null,
        null,
        null,
        null,
        null,
        null,
        1,
        null,
        null,
        null,
        null,
        null,
        null,
        null,
        null,
        null,
        1,
        null,
        null,
        null,
        null,
        null,
        null,
        null,
        null,
        null,
        null,
        1,
        null,
        null,
        null,
        null,
        1,
        null,
        null,
        null,
        null,
        null,
        null,
        null,
        null,
        null,
        null,
        null,
        null,
        null,
        null,
        null,
        null,
        null,
        null,
        null,
        null,
        null,
        null,
        null,
        null,
        null,
        null,
        null,
        null,
        null,
        null,
        null,
        null,
        null,
        null,
        null,
        null,
        null,
        null,
        null,
        null,
        1,
        null,
        null,
        null,
        null,
        null,
        null,
        null,
        null,
        null,
        null,
        null,
        null,
        null,
        null,
        null,
        null,
        null,
        null,
        null,
        null,
        null,
        null,
        null,
        null,
        null,
        null,
        null,
        null,
        null,
        null,
        null,
        null,
        null,
        null,
        null,
        null,
        null,
        null,
        null,
        null,
        null,
        1,
        null,
        null,
        null,
        null,
        null,
        null,
        null,
        null,
        null,
        null,
        null,
        null,
        null,
        null,
        null,
        null,
        null,
        null,
        null,
        null,
        null,
        null,
        null,
        null,
        null,
        null,
        null,
        null,
        null
      ],
      "/Users/ktwotwo/Project/portfolio-code-review/config/initializers/filter_parameter_logging.rb": [
        null,
        null,
        null,
        1
      ],
      "/Users/ktwotwo/Project/portfolio-code-review/config/initializers/inflections.rb": [
        null,
        null,
        null,
        null,
        null,
        null,
        null,
        null,
        null,
        null,
        null,
        null,
        null,
        null,
        null,
        null
      ],
      "/Users/ktwotwo/Project/portfolio-code-review/config/initializers/mime_types.rb": [
        null,
        null,
        null,
        null
      ],
      "/Users/ktwotwo/Project/portfolio-code-review/config/initializers/new_framework_defaults.rb": [
        null,
        null,
        null,
        null,
        null,
        null,
        null,
        1,
        null,
        null,
        1,
        null,
        null,
        null,
        1,
        null,
        null,
        1,
        null,
        null,
        1,
        null,
        null,
        1
      ],
      "/Users/ktwotwo/Project/portfolio-code-review/config/initializers/session_store.rb": [
        null,
        null,
        1
      ],
      "/Users/ktwotwo/Project/portfolio-code-review/config/initializers/wrap_parameters.rb": [
        null,
        null,
        null,
        null,
        null,
        null,
        1,
        2,
        null,
        null,
        null,
        null,
        null,
        null
      ],
      "/Users/ktwotwo/Project/portfolio-code-review/config/routes.rb": [
        1,
        1,
        1,
        1,
        1,
        null
      ],
      "/Users/ktwotwo/Project/portfolio-code-review/app/models/admin.rb": [
        1,
        null,
        null,
        1,
        null,
        null
      ],
      "/Users/ktwotwo/Project/portfolio-code-review/app/models/application_record.rb": [
        1,
        1,
        null
      ],
      "/Users/ktwotwo/Project/portfolio-code-review/app/helpers/application_helper.rb": [
        1,
        null
      ],
      "/Users/ktwotwo/Project/portfolio-code-review/app/helpers/home_helper.rb": [
        1,
        null
      ],
      "/Users/ktwotwo/Project/portfolio-code-review/app/helpers/projects_helper.rb": [
        1,
        null
      ],
      "/Users/ktwotwo/Project/portfolio-code-review/app/helpers/works_helper.rb": [
        1,
        null
      ],
      "/Users/ktwotwo/Project/portfolio-code-review/app/models/repo.rb": [
        1,
        null,
        1,
        1,
        1,
        null,
        null,
        null,
        1,
        null,
        null,
        null
      ],
      "/Users/ktwotwo/Project/portfolio-code-review/app/controllers/projects_controller.rb": [
        1,
        1,
        1,
        null,
        null
      ],
      "/Users/ktwotwo/Project/portfolio-code-review/app/controllers/application_controller.rb": [
        1,
        1,
        null
      ]
    },
    "timestamp": 1488597691
  }
}
